# JRE version: OpenJDK Runtime Environment (8.0_202-b03) (build 1.8.0_202-release-1483-b03)
# Java VM: OpenJDK 64-Bit Server VM (25.202-b03 mixed mode windows-amd64 compressed oops)
Heap:
 PSYoungGen      total 330752K, used 168997K [0x00000000e0000000, 0x00000000faf00000, 0x0000000100000000)
  eden space 299520K, 56% used [0x00000000e0000000,0x00000000ea509780,0x00000000f2480000)
  from space 31232K, 0% used [0x00000000f8100000,0x00000000f8100000,0x00000000f9f80000)
  to   space 15872K, 0% used [0x00000000f9f80000,0x00000000f9f80000,0x00000000faf00000)
 ParOldGen       total 182784K, used 64101K [0x00000000a0000000, 0x00000000ab280000, 0x00000000e0000000)
  object space 182784K, 35% used [0x00000000a0000000,0x00000000a3e99700,0x00000000ab280000)
 Metaspace       used 97014K, capacity 99864K, committed 101952K, reserved 1138688K
  class space    used 12035K, capacity 12643K, committed 13120K, reserved 1048576K
GC Heap History (10 events):
Event: 1077.785 GC heap before
{Heap before GC invocations=13 (full 3):
 PSYoungGen      total 375808K, used 375780K [0x00000000e0000000, 0x00000000fe600000, 0x0000000100000000)
  eden space 352768K, 100% used [0x00000000e0000000,0x00000000f5880000,0x00000000f5880000)
  from space 23040K, 99% used [0x00000000f5880000,0x00000000f6ef91b0,0x00000000f6f00000)
  to   space 29184K, 0% used [0x00000000fc980000,0x00000000fc980000,0x00000000fe600000)
 ParOldGen       total 117248K, used 39291K [0x00000000a0000000, 0x00000000a7280000, 0x00000000e0000000)
  object space 117248K, 33% used [0x00000000a0000000,0x00000000a265ee38,0x00000000a7280000)
 Metaspace       used 78349K, capacity 81882K, committed 82048K, reserved 1120256K
  class space    used 10170K, capacity 10871K, committed 10880K, reserved 1048576K
Event: 1077.815 GC heap after
Heap after GC invocations=13 (full 3):
 PSYoungGen      total 367616K, used 29175K [0x00000000e0000000, 0x00000000fe600000, 0x0000000100000000)
  eden space 338432K, 0% used [0x00000000e0000000,0x00000000e0000000,0x00000000f4a80000)
  from space 29184K, 99% used [0x00000000fc980000,0x00000000fe5fdfd0,0x00000000fe600000)
  to   space 33792K, 0% used [0x00000000fa400000,0x00000000fa400000,0x00000000fc500000)
 ParOldGen       total 117248K, used 40783K [0x00000000a0000000, 0x00000000a7280000, 0x00000000e0000000)
  object space 117248K, 34% used [0x00000000a0000000,0x00000000a27d3cf8,0x00000000a7280000)
 Metaspace       used 78349K, capacity 81882K, committed 82048K, reserved 1120256K
  class space    used 10170K, capacity 10871K, committed 10880K, reserved 1048576K
}
Event: 6964.010 GC heap before
{Heap before GC invocations=14 (full 3):
 PSYoungGen      total 367616K, used 367607K [0x00000000e0000000, 0x00000000fe600000, 0x0000000100000000)
  eden space 338432K, 100% used [0x00000000e0000000,0x00000000f4a80000,0x00000000f4a80000)
  from space 29184K, 99% used [0x00000000fc980000,0x00000000fe5fdfd0,0x00000000fe600000)
  to   space 33792K, 0% used [0x00000000fa400000,0x00000000fa400000,0x00000000fc500000)
 ParOldGen       total 117248K, used 40783K [0x00000000a0000000, 0x00000000a7280000, 0x00000000e0000000)
  object space 117248K, 34% used [0x00000000a0000000,0x00000000a27d3cf8,0x00000000a7280000)
 Metaspace       used 79628K, capacity 83368K, committed 83584K, reserved 1122304K
  class space    used 10254K, capacity 11030K, committed 11136K, reserved 1048576K
Event: 6964.050 GC heap after
Heap after GC invocations=14 (full 3):
 PSYoungGen      total 335360K, used 10508K [0x00000000e0000000, 0x00000000fca00000, 0x0000000100000000)
  eden space 324608K, 0% used [0x00000000e0000000,0x00000000e0000000,0x00000000f3d00000)
  from space 10752K, 97% used [0x00000000fa400000,0x00000000fae43048,0x00000000fae80000)
  to   space 28160K, 0% used [0x00000000fae80000,0x00000000fae80000,0x00000000fca00000)
 ParOldGen       total 117248K, used 59079K [0x00000000a0000000, 0x00000000a7280000, 0x00000000e0000000)
  object space 117248K, 50% used [0x00000000a0000000,0x00000000a39b1f18,0x00000000a7280000)
 Metaspace       used 79628K, capacity 83368K, committed 83584K, reserved 1122304K
  class space    used 10254K, capacity 11030K, committed 11136K, reserved 1048576K
}
Event: 6984.157 GC heap before
{Heap before GC invocations=15 (full 3):
 PSYoungGen      total 335360K, used 335116K [0x00000000e0000000, 0x00000000fca00000, 0x0000000100000000)
  eden space 324608K, 100% used [0x00000000e0000000,0x00000000f3d00000,0x00000000f3d00000)
  from space 10752K, 97% used [0x00000000fa400000,0x00000000fae43048,0x00000000fae80000)
  to   space 28160K, 0% used [0x00000000fae80000,0x00000000fae80000,0x00000000fca00000)
 ParOldGen       total 117248K, used 59079K [0x00000000a0000000, 0x00000000a7280000, 0x00000000e0000000)
  object space 117248K, 50% used [0x00000000a0000000,0x00000000a39b1f18,0x00000000a7280000)
 Metaspace       used 84100K, capacity 87802K, committed 88064K, reserved 1126400K
  class space    used 10692K, capacity 11435K, committed 11520K, reserved 1048576K
Event: 6984.170 GC heap after
Heap after GC invocations=15 (full 3):
 PSYoungGen      total 327680K, used 15858K [0x00000000e0000000, 0x00000000fbe00000, 0x0000000100000000)
  eden space 311808K, 0% used [0x00000000e0000000,0x00000000e0000000,0x00000000f3080000)
  from space 15872K, 99% used [0x00000000fae80000,0x00000000fbdfcb38,0x00000000fbe00000)
  to   space 31232K, 0% used [0x00000000f8100000,0x00000000f8100000,0x00000000f9f80000)
 ParOldGen       total 117248K, used 59087K [0x00000000a0000000, 0x00000000a7280000, 0x00000000e0000000)
  object space 117248K, 50% used [0x00000000a0000000,0x00000000a39b3f18,0x00000000a7280000)
 Metaspace       used 84100K, capacity 87802K, committed 88064K, reserved 1126400K
  class space    used 10692K, capacity 11435K, committed 11520K, reserved 1048576K
}
Event: 6996.604 GC heap before
{Heap before GC invocations=16 (full 3):
 PSYoungGen      total 327680K, used 301241K [0x00000000e0000000, 0x00000000fbe00000, 0x0000000100000000)
  eden space 311808K, 91% used [0x00000000e0000000,0x00000000f16b19d8,0x00000000f3080000)
  from space 15872K, 99% used [0x00000000fae80000,0x00000000fbdfcb38,0x00000000fbe00000)
  to   space 31232K, 0% used [0x00000000f8100000,0x00000000f8100000,0x00000000f9f80000)
 ParOldGen       total 117248K, used 59087K [0x00000000a0000000, 0x00000000a7280000, 0x00000000e0000000)
  object space 117248K, 50% used [0x00000000a0000000,0x00000000a39b3f18,0x00000000a7280000)
 Metaspace       used 94507K, capacity 98370K, committed 98496K, reserved 1134592K
  class space    used 11898K, capacity 12697K, committed 12736K, reserved 1048576K
Event: 6996.634 GC heap after
Heap after GC invocations=16 (full 3):
 PSYoungGen      total 330752K, used 31207K [0x00000000e0000000, 0x00000000faf00000, 0x0000000100000000)
  eden space 299520K, 0% used [0x00000000e0000000,0x00000000e0000000,0x00000000f2480000)
  from space 31232K, 99% used [0x00000000f8100000,0x00000000f9f79d30,0x00000000f9f80000)
  to   space 15872K, 0% used [0x00000000f9f80000,0x00000000f9f80000,0x00000000faf00000)
 ParOldGen       total 117248K, used 62058K [0x00000000a0000000, 0x00000000a7280000, 0x00000000e0000000)
  object space 117248K, 52% used [0x00000000a0000000,0x00000000a3c9a898,0x00000000a7280000)
 Metaspace       used 94507K, capacity 98370K, committed 98496K, reserved 1134592K
  class space    used 11898K, capacity 12697K, committed 12736K, reserved 1048576K
}
Event: 6996.634 GC heap before
{Heap before GC invocations=17 (full 4):
 PSYoungGen      total 330752K, used 31207K [0x00000000e0000000, 0x00000000faf00000, 0x0000000100000000)
  eden space 299520K, 0% used [0x00000000e0000000,0x00000000e0000000,0x00000000f2480000)
  from space 31232K, 99% used [0x00000000f8100000,0x00000000f9f79d30,0x00000000f9f80000)
  to   space 15872K, 0% used [0x00000000f9f80000,0x00000000f9f80000,0x00000000faf00000)
 ParOldGen       total 117248K, used 62058K [0x00000000a0000000, 0x00000000a7280000, 0x00000000e0000000)
  object space 117248K, 52% used [0x00000000a0000000,0x00000000a3c9a898,0x00000000a7280000)
 Metaspace       used 94507K, capacity 98370K, committed 98496K, reserved 1134592K
  class space    used 11898K, capacity 12697K, committed 12736K, reserved 1048576K
Event: 6996.868 GC heap after
Heap after GC invocations=17 (full 4):
 PSYoungGen      total 330752K, used 0K [0x00000000e0000000, 0x00000000faf00000, 0x0000000100000000)
  eden space 299520K, 0% used [0x00000000e0000000,0x00000000e0000000,0x00000000f2480000)
  from space 31232K, 0% used [0x00000000f8100000,0x00000000f8100000,0x00000000f9f80000)
  to   space 15872K, 0% used [0x00000000f9f80000,0x00000000f9f80000,0x00000000faf00000)
 ParOldGen       total 182784K, used 64101K [0x00000000a0000000, 0x00000000ab280000, 0x00000000e0000000)
  object space 182784K, 35% used [0x00000000a0000000,0x00000000a3e99700,0x00000000ab280000)
 Metaspace       used 93070K, capacity 95606K, committed 98496K, reserved 1134592K
  class space    used 11611K, capacity 12176K, committed 12736K, reserved 1048576K
}

