# JRE version: OpenJDK Runtime Environment (8.0_202-b03) (build 1.8.0_202-release-1483-b03)
# Java VM: OpenJDK 64-Bit Server VM (25.202-b03 mixed mode windows-amd64 compressed oops)
Heap:
 PSYoungGen      total 169472K, used 96434K [0x00000000e0000000, 0x00000000ee900000, 0x0000000100000000)
  eden space 130560K, 51% used [0x00000000e0000000,0x00000000e41477b8,0x00000000e7f80000)
  from space 38912K, 76% used [0x00000000e7f80000,0x00000000e9c652a0,0x00000000ea580000)
  to   space 41472K, 0% used [0x00000000ec080000,0x00000000ec080000,0x00000000ee900000)
 ParOldGen       total 141824K, used 70829K [0x00000000a0000000, 0x00000000a8a80000, 0x00000000e0000000)
  object space 141824K, 49% used [0x00000000a0000000,0x00000000a452b768,0x00000000a8a80000)
 Metaspace       used 74801K, capacity 77770K, committed 78040K, reserved 1116160K
  class space    used 9805K, capacity 10457K, committed 10496K, reserved 1048576K
GC Heap History (10 events):
Event: 24.535 GC heap before
{Heap before GC invocations=22 (full 3):
 PSYoungGen      total 131072K, used 125450K [0x00000000e0000000, 0x00000000e9480000, 0x0000000100000000)
  eden space 116224K, 100% used [0x00000000e0000000,0x00000000e7180000,0x00000000e7180000)
  from space 14848K, 62% used [0x00000000e8600000,0x00000000e8f02908,0x00000000e9480000)
  to   space 17920K, 0% used [0x00000000e7180000,0x00000000e7180000,0x00000000e8300000)
 ParOldGen       total 141824K, used 30294K [0x00000000a0000000, 0x00000000a8a80000, 0x00000000e0000000)
  object space 141824K, 21% used [0x00000000a0000000,0x00000000a1d95ab8,0x00000000a8a80000)
 Metaspace       used 62848K, capacity 64798K, committed 64984K, reserved 1105920K
  class space    used 8468K, capacity 8939K, committed 8960K, reserved 1048576K
Event: 24.548 GC heap after
Heap after GC invocations=22 (full 3):
 PSYoungGen      total 134144K, used 14228K [0x00000000e0000000, 0x00000000ea480000, 0x0000000100000000)
  eden space 116224K, 0% used [0x00000000e0000000,0x00000000e0000000,0x00000000e7180000)
  from space 17920K, 79% used [0x00000000e7180000,0x00000000e7f65160,0x00000000e8300000)
  to   space 18944K, 0% used [0x00000000e9200000,0x00000000e9200000,0x00000000ea480000)
 ParOldGen       total 141824K, used 30302K [0x00000000a0000000, 0x00000000a8a80000, 0x00000000e0000000)
  object space 141824K, 21% used [0x00000000a0000000,0x00000000a1d97ab8,0x00000000a8a80000)
 Metaspace       used 62848K, capacity 64798K, committed 64984K, reserved 1105920K
  class space    used 8468K, capacity 8939K, committed 8960K, reserved 1048576K
}
Event: 25.826 GC heap before
{Heap before GC invocations=23 (full 3):
 PSYoungGen      total 134144K, used 130452K [0x00000000e0000000, 0x00000000ea480000, 0x0000000100000000)
  eden space 116224K, 100% used [0x00000000e0000000,0x00000000e7180000,0x00000000e7180000)
  from space 17920K, 79% used [0x00000000e7180000,0x00000000e7f65160,0x00000000e8300000)
  to   space 18944K, 0% used [0x00000000e9200000,0x00000000e9200000,0x00000000ea480000)
 ParOldGen       total 141824K, used 30302K [0x00000000a0000000, 0x00000000a8a80000, 0x00000000e0000000)
  object space 141824K, 21% used [0x00000000a0000000,0x00000000a1d97ab8,0x00000000a8a80000)
 Metaspace       used 67746K, capacity 69980K, committed 70104K, reserved 1110016K
  class space    used 9147K, capacity 9666K, committed 9728K, reserved 1048576K
Event: 25.864 GC heap after
Heap after GC invocations=23 (full 3):
 PSYoungGen      total 132096K, used 18932K [0x00000000e0000000, 0x00000000ecb00000, 0x0000000100000000)
  eden space 113152K, 0% used [0x00000000e0000000,0x00000000e0000000,0x00000000e6e80000)
  from space 18944K, 99% used [0x00000000e9200000,0x00000000ea47d0e8,0x00000000ea480000)
  to   space 36352K, 0% used [0x00000000e6e80000,0x00000000e6e80000,0x00000000e9200000)
 ParOldGen       total 141824K, used 70805K [0x00000000a0000000, 0x00000000a8a80000, 0x00000000e0000000)
  object space 141824K, 49% used [0x00000000a0000000,0x00000000a4525768,0x00000000a8a80000)
 Metaspace       used 67746K, capacity 69980K, committed 70104K, reserved 1110016K
  class space    used 9147K, capacity 9666K, committed 9728K, reserved 1048576K
}
Event: 27.140 GC heap before
{Heap before GC invocations=24 (full 3):
 PSYoungGen      total 132096K, used 132084K [0x00000000e0000000, 0x00000000ecb00000, 0x0000000100000000)
  eden space 113152K, 100% used [0x00000000e0000000,0x00000000e6e80000,0x00000000e6e80000)
  from space 18944K, 99% used [0x00000000e9200000,0x00000000ea47d0e8,0x00000000ea480000)
  to   space 36352K, 0% used [0x00000000e6e80000,0x00000000e6e80000,0x00000000e9200000)
 ParOldGen       total 141824K, used 70805K [0x00000000a0000000, 0x00000000a8a80000, 0x00000000e0000000)
  object space 141824K, 49% used [0x00000000a0000000,0x00000000a4525768,0x00000000a8a80000)
 Metaspace       used 68529K, capacity 70940K, committed 71256K, reserved 1110016K
  class space    used 9227K, capacity 9746K, committed 9856K, reserved 1048576K
Event: 27.155 GC heap after
Heap after GC invocations=24 (full 3):
 PSYoungGen      total 149504K, used 24317K [0x00000000e0000000, 0x00000000eca80000, 0x0000000100000000)
  eden space 113152K, 0% used [0x00000000e0000000,0x00000000e0000000,0x00000000e6e80000)
  from space 36352K, 66% used [0x00000000e6e80000,0x00000000e863f668,0x00000000e9200000)
  to   space 37888K, 0% used [0x00000000ea580000,0x00000000ea580000,0x00000000eca80000)
 ParOldGen       total 141824K, used 70813K [0x00000000a0000000, 0x00000000a8a80000, 0x00000000e0000000)
  object space 141824K, 49% used [0x00000000a0000000,0x00000000a4527768,0x00000000a8a80000)
 Metaspace       used 68529K, capacity 70940K, committed 71256K, reserved 1110016K
  class space    used 9227K, capacity 9746K, committed 9856K, reserved 1048576K
}
Event: 28.319 GC heap before
{Heap before GC invocations=25 (full 3):
 PSYoungGen      total 149504K, used 137469K [0x00000000e0000000, 0x00000000eca80000, 0x0000000100000000)
  eden space 113152K, 100% used [0x00000000e0000000,0x00000000e6e80000,0x00000000e6e80000)
  from space 36352K, 66% used [0x00000000e6e80000,0x00000000e863f668,0x00000000e9200000)
  to   space 37888K, 0% used [0x00000000ea580000,0x00000000ea580000,0x00000000eca80000)
 ParOldGen       total 141824K, used 70813K [0x00000000a0000000, 0x00000000a8a80000, 0x00000000e0000000)
  object space 141824K, 49% used [0x00000000a0000000,0x00000000a4527768,0x00000000a8a80000)
 Metaspace       used 70616K, capacity 73220K, committed 73304K, reserved 1112064K
  class space    used 9496K, capacity 10050K, committed 10112K, reserved 1048576K
Event: 28.388 GC heap after
Heap after GC invocations=25 (full 3):
 PSYoungGen      total 168448K, used 25229K [0x00000000e0000000, 0x00000000ed300000, 0x0000000100000000)
  eden space 130560K, 0% used [0x00000000e0000000,0x00000000e0000000,0x00000000e7f80000)
  from space 37888K, 66% used [0x00000000ea580000,0x00000000ebe23510,0x00000000eca80000)
  to   space 38912K, 0% used [0x00000000e7f80000,0x00000000e7f80000,0x00000000ea580000)
 ParOldGen       total 141824K, used 70821K [0x00000000a0000000, 0x00000000a8a80000, 0x00000000e0000000)
  object space 141824K, 49% used [0x00000000a0000000,0x00000000a4529768,0x00000000a8a80000)
 Metaspace       used 70616K, capacity 73220K, committed 73304K, reserved 1112064K
  class space    used 9496K, capacity 10050K, committed 10112K, reserved 1048576K
}
Event: 40.041 GC heap before
{Heap before GC invocations=26 (full 3):
 PSYoungGen      total 168448K, used 155789K [0x00000000e0000000, 0x00000000ed300000, 0x0000000100000000)
  eden space 130560K, 100% used [0x00000000e0000000,0x00000000e7f80000,0x00000000e7f80000)
  from space 37888K, 66% used [0x00000000ea580000,0x00000000ebe23510,0x00000000eca80000)
  to   space 38912K, 0% used [0x00000000e7f80000,0x00000000e7f80000,0x00000000ea580000)
 ParOldGen       total 141824K, used 70821K [0x00000000a0000000, 0x00000000a8a80000, 0x00000000e0000000)
  object space 141824K, 49% used [0x00000000a0000000,0x00000000a4529768,0x00000000a8a80000)
 Metaspace       used 73877K, capacity 76716K, committed 76888K, reserved 1116160K
  class space    used 9705K, capacity 10310K, committed 10368K, reserved 1048576K
Event: 40.065 GC heap after
Heap after GC invocations=26 (full 3):
 PSYoungGen      total 169472K, used 29588K [0x00000000e0000000, 0x00000000ee900000, 0x0000000100000000)
  eden space 130560K, 0% used [0x00000000e0000000,0x00000000e0000000,0x00000000e7f80000)
  from space 38912K, 76% used [0x00000000e7f80000,0x00000000e9c652a0,0x00000000ea580000)
  to   space 41472K, 0% used [0x00000000ec080000,0x00000000ec080000,0x00000000ee900000)
 ParOldGen       total 141824K, used 70829K [0x00000000a0000000, 0x00000000a8a80000, 0x00000000e0000000)
  object space 141824K, 49% used [0x00000000a0000000,0x00000000a452b768,0x00000000a8a80000)
 Metaspace       used 73877K, capacity 76716K, committed 76888K, reserved 1116160K
  class space    used 9705K, capacity 10310K, committed 10368K, reserved 1048576K
}

