# JRE version: OpenJDK Runtime Environment (8.0_202-b03) (build 1.8.0_202-release-1483-b03)
# Java VM: OpenJDK 64-Bit Server VM (25.202-b03 mixed mode windows-amd64 compressed oops)
Heap:
 PSYoungGen      total 138240K, used 104687K [0x00000000e0000000, 0x00000000eb680000, 0x0000000100000000)
  eden space 98816K, 68% used [0x00000000e0000000,0x00000000e4228c00,0x00000000e6080000)
  from space 39424K, 93% used [0x00000000e6280000,0x00000000e8693218,0x00000000e8900000)
  to   space 44032K, 0% used [0x00000000e8b80000,0x00000000e8b80000,0x00000000eb680000)
 ParOldGen       total 145920K, used 37565K [0x00000000a0000000, 0x00000000a8e80000, 0x00000000e0000000)
  object space 145920K, 25% used [0x00000000a0000000,0x00000000a24af6c0,0x00000000a8e80000)
 Metaspace       used 88178K, capacity 92364K, committed 92632K, reserved 1130496K
  class space    used 11455K, capacity 12246K, committed 12288K, reserved 1048576K
GC Heap History (10 events):
Event: 3290.972 GC heap before
{Heap before GC invocations=28 (full 3):
 PSYoungGen      total 139776K, used 136123K [0x00000000e0000000, 0x00000000ea280000, 0x0000000100000000)
  eden space 116224K, 100% used [0x00000000e0000000,0x00000000e7180000,0x00000000e7180000)
  from space 23552K, 84% used [0x00000000e8b00000,0x00000000e9e6ef10,0x00000000ea200000)
  to   space 25088K, 0% used [0x00000000e7180000,0x00000000e7180000,0x00000000e8a00000)
 ParOldGen       total 145920K, used 31239K [0x00000000a0000000, 0x00000000a8e80000, 0x00000000e0000000)
  object space 145920K, 21% used [0x00000000a0000000,0x00000000a1e81ce0,0x00000000a8e80000)
 Metaspace       used 71803K, capacity 74366K, committed 74456K, reserved 1114112K
  class space    used 9358K, capacity 9919K, committed 9984K, reserved 1048576K
Event: 3290.982 GC heap after
Heap after GC invocations=28 (full 3):
 PSYoungGen      total 131584K, used 17765K [0x00000000e0000000, 0x00000000ea100000, 0x0000000100000000)
  eden space 113664K, 0% used [0x00000000e0000000,0x00000000e0000000,0x00000000e6f00000)
  from space 17920K, 99% used [0x00000000e7180000,0x00000000e82d9790,0x00000000e8300000)
  to   space 25600K, 0% used [0x00000000e8800000,0x00000000e8800000,0x00000000ea100000)
 ParOldGen       total 145920K, used 31247K [0x00000000a0000000, 0x00000000a8e80000, 0x00000000e0000000)
  object space 145920K, 21% used [0x00000000a0000000,0x00000000a1e83ce0,0x00000000a8e80000)
 Metaspace       used 71803K, capacity 74366K, committed 74456K, reserved 1114112K
  class space    used 9358K, capacity 9919K, committed 9984K, reserved 1048576K
}
Event: 3292.752 GC heap before
{Heap before GC invocations=29 (full 3):
 PSYoungGen      total 131584K, used 131429K [0x00000000e0000000, 0x00000000ea100000, 0x0000000100000000)
  eden space 113664K, 100% used [0x00000000e0000000,0x00000000e6f00000,0x00000000e6f00000)
  from space 17920K, 99% used [0x00000000e7180000,0x00000000e82d9790,0x00000000e8300000)
  to   space 25600K, 0% used [0x00000000e8800000,0x00000000e8800000,0x00000000ea100000)
 ParOldGen       total 145920K, used 31247K [0x00000000a0000000, 0x00000000a8e80000, 0x00000000e0000000)
  object space 145920K, 21% used [0x00000000a0000000,0x00000000a1e83ce0,0x00000000a8e80000)
 Metaspace       used 73014K, capacity 75586K, committed 75864K, reserved 1116160K
  class space    used 9478K, capacity 10059K, committed 10112K, reserved 1048576K
Event: 3292.767 GC heap after
Heap after GC invocations=29 (full 3):
 PSYoungGen      total 133632K, used 25579K [0x00000000e0000000, 0x00000000ea980000, 0x0000000100000000)
  eden space 108032K, 0% used [0x00000000e0000000,0x00000000e0000000,0x00000000e6980000)
  from space 25600K, 99% used [0x00000000e8800000,0x00000000ea0fae70,0x00000000ea100000)
  to   space 31232K, 0% used [0x00000000e6980000,0x00000000e6980000,0x00000000e8800000)
 ParOldGen       total 145920K, used 37541K [0x00000000a0000000, 0x00000000a8e80000, 0x00000000e0000000)
  object space 145920K, 25% used [0x00000000a0000000,0x00000000a24a96c0,0x00000000a8e80000)
 Metaspace       used 73014K, capacity 75586K, committed 75864K, reserved 1116160K
  class space    used 9478K, capacity 10059K, committed 10112K, reserved 1048576K
}
Event: 3297.057 GC heap before
{Heap before GC invocations=30 (full 3):
 PSYoungGen      total 133632K, used 133611K [0x00000000e0000000, 0x00000000ea980000, 0x0000000100000000)
  eden space 108032K, 100% used [0x00000000e0000000,0x00000000e6980000,0x00000000e6980000)
  from space 25600K, 99% used [0x00000000e8800000,0x00000000ea0fae70,0x00000000ea100000)
  to   space 31232K, 0% used [0x00000000e6980000,0x00000000e6980000,0x00000000e8800000)
 ParOldGen       total 145920K, used 37541K [0x00000000a0000000, 0x00000000a8e80000, 0x00000000e0000000)
  object space 145920K, 25% used [0x00000000a0000000,0x00000000a24a96c0,0x00000000a8e80000)
 Metaspace       used 73803K, capacity 76390K, committed 76760K, reserved 1116160K
  class space    used 9568K, capacity 10129K, committed 10240K, reserved 1048576K
Event: 3297.104 GC heap after
Heap after GC invocations=30 (full 3):
 PSYoungGen      total 136704K, used 29333K [0x00000000e0000000, 0x00000000eab00000, 0x0000000100000000)
  eden space 105472K, 0% used [0x00000000e0000000,0x00000000e0000000,0x00000000e6700000)
  from space 31232K, 93% used [0x00000000e6980000,0x00000000e86256a8,0x00000000e8800000)
  to   space 34816K, 0% used [0x00000000e8900000,0x00000000e8900000,0x00000000eab00000)
 ParOldGen       total 145920K, used 37549K [0x00000000a0000000, 0x00000000a8e80000, 0x00000000e0000000)
  object space 145920K, 25% used [0x00000000a0000000,0x00000000a24ab6c0,0x00000000a8e80000)
 Metaspace       used 73803K, capacity 76390K, committed 76760K, reserved 1116160K
  class space    used 9568K, capacity 10129K, committed 10240K, reserved 1048576K
}
Event: 3303.145 GC heap before
{Heap before GC invocations=31 (full 3):
 PSYoungGen      total 136704K, used 134805K [0x00000000e0000000, 0x00000000eab00000, 0x0000000100000000)
  eden space 105472K, 100% used [0x00000000e0000000,0x00000000e6700000,0x00000000e6700000)
  from space 31232K, 93% used [0x00000000e6980000,0x00000000e86256a8,0x00000000e8800000)
  to   space 34816K, 0% used [0x00000000e8900000,0x00000000e8900000,0x00000000eab00000)
 ParOldGen       total 145920K, used 37549K [0x00000000a0000000, 0x00000000a8e80000, 0x00000000e0000000)
  object space 145920K, 25% used [0x00000000a0000000,0x00000000a24ab6c0,0x00000000a8e80000)
 Metaspace       used 79111K, capacity 81792K, committed 81880K, reserved 1120256K
  class space    used 10139K, capacity 10714K, committed 10752K, reserved 1048576K
Event: 3303.167 GC heap after
Heap after GC invocations=31 (full 3):
 PSYoungGen      total 135680K, used 33371K [0x00000000e0000000, 0x00000000eb180000, 0x0000000100000000)
  eden space 100864K, 0% used [0x00000000e0000000,0x00000000e0000000,0x00000000e6280000)
  from space 34816K, 95% used [0x00000000e8900000,0x00000000ea996f08,0x00000000eab00000)
  to   space 39424K, 0% used [0x00000000e6280000,0x00000000e6280000,0x00000000e8900000)
 ParOldGen       total 145920K, used 37557K [0x00000000a0000000, 0x00000000a8e80000, 0x00000000e0000000)
  object space 145920K, 25% used [0x00000000a0000000,0x00000000a24ad6c0,0x00000000a8e80000)
 Metaspace       used 79111K, capacity 81792K, committed 81880K, reserved 1120256K
  class space    used 10139K, capacity 10714K, committed 10752K, reserved 1048576K
}
Event: 3306.761 GC heap before
{Heap before GC invocations=32 (full 3):
 PSYoungGen      total 135680K, used 134235K [0x00000000e0000000, 0x00000000eb180000, 0x0000000100000000)
  eden space 100864K, 100% used [0x00000000e0000000,0x00000000e6280000,0x00000000e6280000)
  from space 34816K, 95% used [0x00000000e8900000,0x00000000ea996f08,0x00000000eab00000)
  to   space 39424K, 0% used [0x00000000e6280000,0x00000000e6280000,0x00000000e8900000)
 ParOldGen       total 145920K, used 37557K [0x00000000a0000000, 0x00000000a8e80000, 0x00000000e0000000)
  object space 145920K, 25% used [0x00000000a0000000,0x00000000a24ad6c0,0x00000000a8e80000)
 Metaspace       used 87126K, capacity 91200K, committed 91352K, reserved 1128448K
  class space    used 11272K, capacity 12026K, committed 12032K, reserved 1048576K
Event: 3306.814 GC heap after
Heap after GC invocations=32 (full 3):
 PSYoungGen      total 138240K, used 36940K [0x00000000e0000000, 0x00000000eb680000, 0x0000000100000000)
  eden space 98816K, 0% used [0x00000000e0000000,0x00000000e0000000,0x00000000e6080000)
  from space 39424K, 93% used [0x00000000e6280000,0x00000000e8693218,0x00000000e8900000)
  to   space 44032K, 0% used [0x00000000e8b80000,0x00000000e8b80000,0x00000000eb680000)
 ParOldGen       total 145920K, used 37565K [0x00000000a0000000, 0x00000000a8e80000, 0x00000000e0000000)
  object space 145920K, 25% used [0x00000000a0000000,0x00000000a24af6c0,0x00000000a8e80000)
 Metaspace       used 87126K, capacity 91200K, committed 91352K, reserved 1128448K
  class space    used 11272K, capacity 12026K, committed 12032K, reserved 1048576K
}

